Wed May 02 2018 14:04:24 GMT-0300 (Hora oficial do Brasil) : GET /about
Wed May 02 2018 14:04:27 GMT-0300 (Hora oficial do Brasil) : GET /
Wed May 02 2018 14:04:28 GMT-0300 (Hora oficial do Brasil) : GET /about
Wed May 02 2018 14:05:05 GMT-0300 (Hora oficial do Brasil) : GET /about
Wed May 02 2018 14:05:35 GMT-0300 (Hora oficial do Brasil) : GET /
Wed May 02 2018 14:05:51 GMT-0300 (Hora oficial do Brasil) : GET /about
Wed May 02 2018 14:05:53 GMT-0300 (Hora oficial do Brasil) : GET /
Wed May 02 2018 14:06:41 GMT-0300 (Hora oficial do Brasil) : GET /about
Wed May 02 2018 14:06:43 GMT-0300 (Hora oficial do Brasil) : GET /
Wed May 02 2018 14:06:44 GMT-0300 (Hora oficial do Brasil) : GET /
Wed May 02 2018 14:06:45 GMT-0300 (Hora oficial do Brasil) : GET /about
Wed May 02 2018 14:06:46 GMT-0300 (Hora oficial do Brasil) : GET /about
Wed May 02 2018 14:10:53 GMT-0300 (Hora oficial do Brasil) : GET /
Wed May 02 2018 14:10:57 GMT-0300 (Hora oficial do Brasil) : GET /help
Wed May 02 2018 14:11:49 GMT-0300 (Hora oficial do Brasil) : GET /about
Wed May 02 2018 14:12:04 GMT-0300 (Hora oficial do Brasil) : GET /
Wed May 02 2018 14:12:21 GMT-0300 (Hora oficial do Brasil) : GET /about
Wed May 02 2018 14:12:48 GMT-0300 (Hora oficial do Brasil) : GET /help.html
Wed May 02 2018 14:12:54 GMT-0300 (Hora oficial do Brasil) : GET /about
Wed May 02 2018 14:13:46 GMT-0300 (Hora oficial do Brasil) : GET /help.html
Wed May 02 2018 14:14:08 GMT-0300 (Hora oficial do Brasil) : GET /help.html
Wed May 02 2018 14:14:32 GMT-0300 (Hora oficial do Brasil) : GET /help.html
Wed May 02 2018 14:14:44 GMT-0300 (Hora oficial do Brasil) : GET /about
Wed May 02 2018 14:14:51 GMT-0300 (Hora oficial do Brasil) : GET /
Wed May 02 2018 14:18:34 GMT-0300 (Hora oficial do Brasil) : GET /help.html
Wed May 02 2018 14:18:41 GMT-0300 (Hora oficial do Brasil) : GET /about
Wed May 02 2018 14:20:02 GMT-0300 (Hora oficial do Brasil) : GET /
Wed May 02 2018 14:24:35 GMT-0300 (Hora oficial do Brasil) : GET /about
Wed May 02 2018 14:24:38 GMT-0300 (Hora oficial do Brasil) : GET /
Wed May 02 2018 14:24:39 GMT-0300 (Hora oficial do Brasil) : GET /about
Wed May 02 2018 14:24:48 GMT-0300 (Hora oficial do Brasil) : GET /about
Wed May 02 2018 14:25:27 GMT-0300 (Hora oficial do Brasil) : GET /fff
Wed May 02 2018 14:28:20 GMT-0300 (Hora oficial do Brasil) : GET /
Wed May 02 2018 14:28:23 GMT-0300 (Hora oficial do Brasil) : GET /
